Status: 404
Last Request: Thu Feb 24 14:27:34 2022
GET /btc HTTP/1.1
Host: localhost:8000
Connection: keep-alive
Upgrade-Insecure-Requests: 1
User-Agent: Mozilla/5.0 (Windows NT 10.0; Win64; x64) AppleWebKit/537.36 (KHTML, like Gecko) Chrome/98.0.4758.102 Safari/537.36
Accept: text/html,application/xhtml+xml,application/xml;q=0.9,image/avif,image/webp,image/apng,*/*;q=0.8,application/signed-exchange;v=b3;q=0.9
Sec-GPC: 1
Sec-Fetch-Site: none
Sec-Fetch-Mode: navigate
Sec-Fetch-User: ?1
Sec-Fetch-Dest: document
Accept-Encoding: gzip, deflate, br
Accept-Language: pt-BR,pt;q=0.9,en;q=0.8

Status: 404
Last Request: Thu Feb 24 14:33:43 2022
GET /btc HTTP/1.1
Host: localhost:8000
Connection: keep-alive
Cache-Control: max-age=0
Upgrade-Insecure-Requests: 1
User-Agent: Mozilla/5.0 (Windows NT 10.0; Win64; x64) AppleWebKit/537.36 (KHTML, like Gecko) Chrome/98.0.4758.102 Safari/537.36
Accept: text/html,application/xhtml+xml,application/xml;q=0.9,image/avif,image/webp,image/apng,*/*;q=0.8,application/signed-exchange;v=b3;q=0.9
Sec-GPC: 1
Sec-Fetch-Site: none
Sec-Fetch-Mode: navigate
Sec-Fetch-User: ?1
Sec-Fetch-Dest: document
Accept-Encoding: gzip, deflate, br
Accept-Language: pt-BR,pt;q=0.9,en;q=0.8

Status: 404
Last Request: Thu Feb 24 14:33:49 2022
GET /btc HTTP/1.1
Host: localhost:8000
Connection: keep-alive
Cache-Control: max-age=0
Upgrade-Insecure-Requests: 1
User-Agent: Mozilla/5.0 (Windows NT 10.0; Win64; x64) AppleWebKit/537.36 (KHTML, like Gecko) Chrome/98.0.4758.102 Safari/537.36
Accept: text/html,application/xhtml+xml,application/xml;q=0.9,image/avif,image/webp,image/apng,*/*;q=0.8,application/signed-exchange;v=b3;q=0.9
Sec-GPC: 1
Sec-Fetch-Site: none
Sec-Fetch-Mode: navigate
Sec-Fetch-User: ?1
Sec-Fetch-Dest: document
Accept-Encoding: gzip, deflate, br
Accept-Language: pt-BR,pt;q=0.9,en;q=0.8

Status: 404
Last Request: Thu Feb 24 14:34:21 2022
GET /btc HTTP/1.1
Host: localhost:8000
Connection: keep-alive
Cache-Control: max-age=0
Upgrade-Insecure-Requests: 1
User-Agent: Mozilla/5.0 (Windows NT 10.0; Win64; x64) AppleWebKit/537.36 (KHTML, like Gecko) Chrome/98.0.4758.102 Safari/537.36
Accept: text/html,application/xhtml+xml,application/xml;q=0.9,image/avif,image/webp,image/apng,*/*;q=0.8,application/signed-exchange;v=b3;q=0.9
Sec-GPC: 1
Sec-Fetch-Site: none
Sec-Fetch-Mode: navigate
Sec-Fetch-User: ?1
Sec-Fetch-Dest: document
Accept-Encoding: gzip, deflate, br
Accept-Language: pt-BR,pt;q=0.9,en;q=0.8

Status: 404
Last Request: Thu Feb 24 14:45:42 2022
GET /btc HTTP/1.1
Host: localhost:8000
Connection: keep-alive
Cache-Control: max-age=0
Upgrade-Insecure-Requests: 1
User-Agent: Mozilla/5.0 (Windows NT 10.0; Win64; x64) AppleWebKit/537.36 (KHTML, like Gecko) Chrome/98.0.4758.102 Safari/537.36
Accept: text/html,application/xhtml+xml,application/xml;q=0.9,image/avif,image/webp,image/apng,*/*;q=0.8,application/signed-exchange;v=b3;q=0.9
Sec-GPC: 1
Sec-Fetch-Site: cross-site
Sec-Fetch-Mode: navigate
Sec-Fetch-User: ?1
Sec-Fetch-Dest: document
Accept-Encoding: gzip, deflate, br
Accept-Language: pt-BR,pt;q=0.9,en;q=0.8

Status: 404
Last Request: Thu Feb 24 14:45:53 2022
GET /btc HTTP/1.1
Host: localhost:8000
Connection: keep-alive
Cache-Control: max-age=0
Upgrade-Insecure-Requests: 1
User-Agent: Mozilla/5.0 (Windows NT 10.0; Win64; x64) AppleWebKit/537.36 (KHTML, like Gecko) Chrome/98.0.4758.102 Safari/537.36
Accept: text/html,application/xhtml+xml,application/xml;q=0.9,image/avif,image/webp,image/apng,*/*;q=0.8,application/signed-exchange;v=b3;q=0.9
Sec-GPC: 1
Sec-Fetch-Site: cross-site
Sec-Fetch-Mode: navigate
Sec-Fetch-User: ?1
Sec-Fetch-Dest: document
Accept-Encoding: gzip, deflate, br
Accept-Language: pt-BR,pt;q=0.9,en;q=0.8

Status: 200
Last Request: Thu Feb 24 14:46:28 2022
GET /BTC HTTP/1.1
Host: localhost:8000
Connection: keep-alive
Cache-Control: max-age=0
Upgrade-Insecure-Requests: 1
User-Agent: Mozilla/5.0 (Windows NT 10.0; Win64; x64) AppleWebKit/537.36 (KHTML, like Gecko) Chrome/98.0.4758.102 Safari/537.36
Accept: text/html,application/xhtml+xml,application/xml;q=0.9,image/avif,image/webp,image/apng,*/*;q=0.8,application/signed-exchange;v=b3;q=0.9
Sec-GPC: 1
Sec-Fetch-Site: cross-site
Sec-Fetch-Mode: navigate
Sec-Fetch-User: ?1
Sec-Fetch-Dest: document
Accept-Encoding: gzip, deflate, br
Accept-Language: pt-BR,pt;q=0.9,en;q=0.8

Status: 200
Last Request: Thu Feb 24 14:48:36 2022
GET /BTC HTTP/1.1
Host: localhost:8000
Connection: keep-alive
Cache-Control: max-age=0
Upgrade-Insecure-Requests: 1
User-Agent: Mozilla/5.0 (Windows NT 10.0; Win64; x64) AppleWebKit/537.36 (KHTML, like Gecko) Chrome/98.0.4758.102 Safari/537.36
Accept: text/html,application/xhtml+xml,application/xml;q=0.9,image/avif,image/webp,image/apng,*/*;q=0.8,application/signed-exchange;v=b3;q=0.9
Sec-GPC: 1
Sec-Fetch-Site: cross-site
Sec-Fetch-Mode: navigate
Sec-Fetch-User: ?1
Sec-Fetch-Dest: document
Accept-Encoding: gzip, deflate, br
Accept-Language: pt-BR,pt;q=0.9,en;q=0.8

Status: 200
Last Request: Thu Feb 24 14:50:21 2022
GET /BTC HTTP/1.1
Host: localhost:8000
Connection: keep-alive
Cache-Control: max-age=0
Upgrade-Insecure-Requests: 1
User-Agent: Mozilla/5.0 (Windows NT 10.0; Win64; x64) AppleWebKit/537.36 (KHTML, like Gecko) Chrome/98.0.4758.102 Safari/537.36
Accept: text/html,application/xhtml+xml,application/xml;q=0.9,image/avif,image/webp,image/apng,*/*;q=0.8,application/signed-exchange;v=b3;q=0.9
Sec-GPC: 1
Sec-Fetch-Site: cross-site
Sec-Fetch-Mode: navigate
Sec-Fetch-User: ?1
Sec-Fetch-Dest: document
Accept-Encoding: gzip, deflate, br
Accept-Language: pt-BR,pt;q=0.9,en;q=0.8

Status: 200
Last Request: Thu Feb 24 15:03:48 2022
GET /BTC HTTP/1.1
Host: localhost:8000
Connection: keep-alive
Cache-Control: max-age=0
Upgrade-Insecure-Requests: 1
User-Agent: Mozilla/5.0 (Windows NT 10.0; Win64; x64) AppleWebKit/537.36 (KHTML, like Gecko) Chrome/98.0.4758.102 Safari/537.36
Accept: text/html,application/xhtml+xml,application/xml;q=0.9,image/avif,image/webp,image/apng,*/*;q=0.8,application/signed-exchange;v=b3;q=0.9
Sec-GPC: 1
Sec-Fetch-Site: cross-site
Sec-Fetch-Mode: navigate
Sec-Fetch-User: ?1
Sec-Fetch-Dest: document
Accept-Encoding: gzip, deflate, br
Accept-Language: pt-BR,pt;q=0.9,en;q=0.8

Status: 200
Last Request: Thu Feb 24 15:05:52 2022
GET /BTC HTTP/1.1
Host: localhost:8000
Connection: keep-alive
Cache-Control: max-age=0
Upgrade-Insecure-Requests: 1
User-Agent: Mozilla/5.0 (Windows NT 10.0; Win64; x64) AppleWebKit/537.36 (KHTML, like Gecko) Chrome/98.0.4758.102 Safari/537.36
Accept: text/html,application/xhtml+xml,application/xml;q=0.9,image/avif,image/webp,image/apng,*/*;q=0.8,application/signed-exchange;v=b3;q=0.9
Sec-GPC: 1
Sec-Fetch-Site: cross-site
Sec-Fetch-Mode: navigate
Sec-Fetch-User: ?1
Sec-Fetch-Dest: document
Accept-Encoding: gzip, deflate, br
Accept-Language: pt-BR,pt;q=0.9,en;q=0.8

Status: 200
Last Request: Thu Feb 24 15:07:53 2022
GET /BTC HTTP/1.1
Host: localhost:8000
Connection: keep-alive
Cache-Control: max-age=0
Upgrade-Insecure-Requests: 1
User-Agent: Mozilla/5.0 (Windows NT 10.0; Win64; x64) AppleWebKit/537.36 (KHTML, like Gecko) Chrome/98.0.4758.102 Safari/537.36
Accept: text/html,application/xhtml+xml,application/xml;q=0.9,image/avif,image/webp,image/apng,*/*;q=0.8,application/signed-exchange;v=b3;q=0.9
Sec-GPC: 1
Sec-Fetch-Site: cross-site
Sec-Fetch-Mode: navigate
Sec-Fetch-User: ?1
Sec-Fetch-Dest: document
Accept-Encoding: gzip, deflate, br
Accept-Language: pt-BR,pt;q=0.9,en;q=0.8

Status: 200
Last Request: Thu Feb 24 15:09:33 2022
GET /BTC HTTP/1.1
Host: localhost:8000
Connection: keep-alive
Cache-Control: max-age=0
Upgrade-Insecure-Requests: 1
User-Agent: Mozilla/5.0 (Windows NT 10.0; Win64; x64) AppleWebKit/537.36 (KHTML, like Gecko) Chrome/98.0.4758.102 Safari/537.36
Accept: text/html,application/xhtml+xml,application/xml;q=0.9,image/avif,image/webp,image/apng,*/*;q=0.8,application/signed-exchange;v=b3;q=0.9
Sec-GPC: 1
Sec-Fetch-Site: cross-site
Sec-Fetch-Mode: navigate
Sec-Fetch-User: ?1
Sec-Fetch-Dest: document
Accept-Encoding: gzip, deflate, br
Accept-Language: pt-BR,pt;q=0.9,en;q=0.8

Status: 200
Last Request: Thu Feb 24 15:12:47 2022
GET /BTC HTTP/1.1
Host: localhost:8000
Connection: keep-alive
Cache-Control: max-age=0
Upgrade-Insecure-Requests: 1
User-Agent: Mozilla/5.0 (Windows NT 10.0; Win64; x64) AppleWebKit/537.36 (KHTML, like Gecko) Chrome/98.0.4758.102 Safari/537.36
Accept: text/html,application/xhtml+xml,application/xml;q=0.9,image/avif,image/webp,image/apng,*/*;q=0.8,application/signed-exchange;v=b3;q=0.9
Sec-GPC: 1
Sec-Fetch-Site: cross-site
Sec-Fetch-Mode: navigate
Sec-Fetch-User: ?1
Sec-Fetch-Dest: document
Accept-Encoding: gzip, deflate, br
Accept-Language: pt-BR,pt;q=0.9,en;q=0.8

Status: 200
Last Request: Thu Feb 24 15:12:56 2022
GET /ETH HTTP/1.1
Host: localhost:8000
Connection: keep-alive
Upgrade-Insecure-Requests: 1
User-Agent: Mozilla/5.0 (Windows NT 10.0; Win64; x64) AppleWebKit/537.36 (KHTML, like Gecko) Chrome/98.0.4758.102 Safari/537.36
Accept: text/html,application/xhtml+xml,application/xml;q=0.9,image/avif,image/webp,image/apng,*/*;q=0.8,application/signed-exchange;v=b3;q=0.9
Sec-GPC: 1
Sec-Fetch-Site: none
Sec-Fetch-Mode: navigate
Sec-Fetch-User: ?1
Sec-Fetch-Dest: document
Accept-Encoding: gzip, deflate, br
Accept-Language: pt-BR,pt;q=0.9,en;q=0.8

Status: 200
Last Request: Thu Feb 24 15:13:34 2022
GET /ETH HTTP/1.1
Host: localhost:8000
Connection: keep-alive
Cache-Control: max-age=0
Upgrade-Insecure-Requests: 1
User-Agent: Mozilla/5.0 (Windows NT 10.0; Win64; x64) AppleWebKit/537.36 (KHTML, like Gecko) Chrome/98.0.4758.102 Safari/537.36
Accept: text/html,application/xhtml+xml,application/xml;q=0.9,image/avif,image/webp,image/apng,*/*;q=0.8,application/signed-exchange;v=b3;q=0.9
Sec-GPC: 1
Sec-Fetch-Site: none
Sec-Fetch-Mode: navigate
Sec-Fetch-User: ?1
Sec-Fetch-Dest: document
Accept-Encoding: gzip, deflate, br
Accept-Language: pt-BR,pt;q=0.9,en;q=0.8

Status: 200
Last Request: Thu Feb 24 15:16:06 2022
GET /BTC HTTP/1.1
Host: localhost:8000
Connection: keep-alive
Upgrade-Insecure-Requests: 1
User-Agent: Mozilla/5.0 (Windows NT 10.0; Win64; x64) AppleWebKit/537.36 (KHTML, like Gecko) Chrome/98.0.4758.102 Safari/537.36
Accept: text/html,application/xhtml+xml,application/xml;q=0.9,image/avif,image/webp,image/apng,*/*;q=0.8,application/signed-exchange;v=b3;q=0.9
Sec-GPC: 1
Sec-Fetch-Site: none
Sec-Fetch-Mode: navigate
Sec-Fetch-User: ?1
Sec-Fetch-Dest: document
Accept-Encoding: gzip, deflate, br
Accept-Language: pt-BR,pt;q=0.9,en;q=0.8

Status: 200
Last Request: Thu Feb 24 16:23:52 2022
Status: 404
Last Request: Thu Feb 24 16:24:51 2022
Status: 200
Last Request: Thu Feb 24 16:36:28 2022
Status: 404
Last Request: Thu Feb 24 16:37:01 2022
GET / HTTP/1.0
Host: localhost

Status: 404
Last Request: Thu Feb 24 16:37:16 2022
GET / HTTP/1.0
Host: localhost

Status: 200
Last Request: Thu Feb 24 16:37:23 2022
GET /BTC HTTP/1.1
Host: localhost:8000
Connection: keep-alive
Cache-Control: max-age=0
Upgrade-Insecure-Requests: 1
User-Agent: Mozilla/5.0 (Windows NT 10.0; Win64; x64) AppleWebKit/537.36 (KHTML, like Gecko) Chrome/98.0.4758.102 Safari/537.36
Accept: text/html,application/xhtml+xml,application/xml;q=0.9,image/avif,image/webp,image/apng,*/*;q=0.8,application/signed-exchange;v=b3;q=0.9
Sec-GPC: 1
Sec-Fetch-Site: none
Sec-Fetch-Mode: navigate
Sec-Fetch-User: ?1
Sec-Fetch-Dest: document
Accept-Encoding: gzip, deflate, br
Accept-Language: pt-BR,pt;q=0.9,en;q=0.8

Status: 200
Last Request: Thu Feb 24 16:37:29 2022
GET /BTC HTTP/1.1
Host: localhost:8000
Connection: keep-alive
Cache-Control: max-age=0
Upgrade-Insecure-Requests: 1
User-Agent: Mozilla/5.0 (Windows NT 10.0; Win64; x64) AppleWebKit/537.36 (KHTML, like Gecko) Chrome/98.0.4758.102 Safari/537.36
Accept: text/html,application/xhtml+xml,application/xml;q=0.9,image/avif,image/webp,image/apng,*/*;q=0.8,application/signed-exchange;v=b3;q=0.9
Sec-GPC: 1
Sec-Fetch-Site: none
Sec-Fetch-Mode: navigate
Sec-Fetch-User: ?1
Sec-Fetch-Dest: document
Accept-Encoding: gzip, deflate, br
Accept-Language: pt-BR,pt;q=0.9,en;q=0.8

Status: 200
Last Request: Thu Feb 24 16:48:54 2022
GET /20 HTTP/1.1
Host: localhost:8000
Connection: keep-alive
Cache-Control: max-age=0
Upgrade-Insecure-Requests: 1
User-Agent: Mozilla/5.0 (Windows NT 10.0; Win64; x64) AppleWebKit/537.36 (KHTML, like Gecko) Chrome/98.0.4758.102 Safari/537.36
Accept: text/html,application/xhtml+xml,application/xml;q=0.9,image/avif,image/webp,image/apng,*/*;q=0.8,application/signed-exchange;v=b3;q=0.9
Sec-GPC: 1
Sec-Fetch-Site: cross-site
Sec-Fetch-Mode: navigate
Sec-Fetch-User: ?1
Sec-Fetch-Dest: document
Accept-Encoding: gzip, deflate, br
Accept-Language: pt-BR,pt;q=0.9,en;q=0.8

Status: 404
Last Request: Fri Feb 25 09:15:05 2022
GET /20 HTTP/1.1
Host: localhost:8000
Connection: keep-alive
Upgrade-Insecure-Requests: 1
User-Agent: Mozilla/5.0 (Windows NT 10.0; Win64; x64) AppleWebKit/537.36 (KHTML, like Gecko) Chrome/98.0.4758.102 Safari/537.36
Accept: text/html,application/xhtml+xml,application/xml;q=0.9,image/avif,image/webp,image/apng,*/*;q=0.8,application/signed-exchange;v=b3;q=0.9
Sec-GPC: 1
Sec-Fetch-Site: cross-site
Sec-Fetch-Mode: navigate
Sec-Fetch-Dest: document
Accept-Encoding: gzip, deflate, br
Accept-Language: pt-BR,pt;q=0.9,en;q=0.8

Status: 404
Last Request: Fri Feb 25 09:15:06 2022
GET /favicon.ico HTTP/1.1
Host: localhost:8000
Connection: keep-alive
User-Agent: Mozilla/5.0 (Windows NT 10.0; Win64; x64) AppleWebKit/537.36 (KHTML, like Gecko) Chrome/98.0.4758.102 Safari/537.36
Accept: image/avif,image/webp,image/apng,image/svg+xml,image/*,*/*;q=0.8
Sec-GPC: 1
Sec-Fetch-Site: same-origin
Sec-Fetch-Mode: no-cors
Sec-Fetch-Dest: image
Referer: http://localhost:8000/20
Accept-Encoding: gzip, deflate, br
Accept-Language: pt-BR,pt;q=0.9,en;q=0.8

Status: 200
Last Request: Fri Feb 25 09:15:14 2022
GET /BTC HTTP/1.1
Host: localhost:8000
Connection: keep-alive
Upgrade-Insecure-Requests: 1
User-Agent: Mozilla/5.0 (Windows NT 10.0; Win64; x64) AppleWebKit/537.36 (KHTML, like Gecko) Chrome/98.0.4758.102 Safari/537.36
Accept: text/html,application/xhtml+xml,application/xml;q=0.9,image/avif,image/webp,image/apng,*/*;q=0.8,application/signed-exchange;v=b3;q=0.9
Sec-GPC: 1
Sec-Fetch-Site: none
Sec-Fetch-Mode: navigate
Sec-Fetch-User: ?1
Sec-Fetch-Dest: document
Accept-Encoding: gzip, deflate, br
Accept-Language: pt-BR,pt;q=0.9,en;q=0.8

Status: 200
Last Request: Fri Feb 25 09:17:51 2022
GET /BTC HTTP/1.1
Host: localhost:8000
Connection: keep-alive
Cache-Control: max-age=0
Upgrade-Insecure-Requests: 1
User-Agent: Mozilla/5.0 (Windows NT 10.0; Win64; x64) AppleWebKit/537.36 (KHTML, like Gecko) Chrome/98.0.4758.102 Safari/537.36
Accept: text/html,application/xhtml+xml,application/xml;q=0.9,image/avif,image/webp,image/apng,*/*;q=0.8,application/signed-exchange;v=b3;q=0.9
Sec-GPC: 1
Sec-Fetch-Site: none
Sec-Fetch-Mode: navigate
Sec-Fetch-User: ?1
Sec-Fetch-Dest: document
Accept-Encoding: gzip, deflate, br
Accept-Language: pt-BR,pt;q=0.9,en;q=0.8

Status: 200
Last Request: Fri Feb 25 09:17:57 2022
GET /ETH HTTP/1.1
Host: localhost:8000
Connection: keep-alive
Upgrade-Insecure-Requests: 1
User-Agent: Mozilla/5.0 (Windows NT 10.0; Win64; x64) AppleWebKit/537.36 (KHTML, like Gecko) Chrome/98.0.4758.102 Safari/537.36
Accept: text/html,application/xhtml+xml,application/xml;q=0.9,image/avif,image/webp,image/apng,*/*;q=0.8,application/signed-exchange;v=b3;q=0.9
Sec-GPC: 1
Sec-Fetch-Site: none
Sec-Fetch-Mode: navigate
Sec-Fetch-User: ?1
Sec-Fetch-Dest: document
Accept-Encoding: gzip, deflate, br
Accept-Language: pt-BR,pt;q=0.9,en;q=0.8

Status: 404
Last Request: Fri Feb 25 09:18:01 2022
GET /6 HTTP/1.1
Host: localhost:8000
Connection: keep-alive
Upgrade-Insecure-Requests: 1
User-Agent: Mozilla/5.0 (Windows NT 10.0; Win64; x64) AppleWebKit/537.36 (KHTML, like Gecko) Chrome/98.0.4758.102 Safari/537.36
Accept: text/html,application/xhtml+xml,application/xml;q=0.9,image/avif,image/webp,image/apng,*/*;q=0.8,application/signed-exchange;v=b3;q=0.9
Sec-GPC: 1
Sec-Fetch-Site: none
Sec-Fetch-Mode: navigate
Sec-Fetch-User: ?1
Sec-Fetch-Dest: document
Accept-Encoding: gzip, deflate, br
Accept-Language: pt-BR,pt;q=0.9,en;q=0.8

Status: 404
Last Request: Fri Feb 25 09:18:03 2022
GET /6 HTTP/1.1
Host: localhost:8000
Connection: keep-alive
Cache-Control: max-age=0
Upgrade-Insecure-Requests: 1
User-Agent: Mozilla/5.0 (Windows NT 10.0; Win64; x64) AppleWebKit/537.36 (KHTML, like Gecko) Chrome/98.0.4758.102 Safari/537.36
Accept: text/html,application/xhtml+xml,application/xml;q=0.9,image/avif,image/webp,image/apng,*/*;q=0.8,application/signed-exchange;v=b3;q=0.9
Sec-GPC: 1
Sec-Fetch-Site: none
Sec-Fetch-Mode: navigate
Sec-Fetch-User: ?1
Sec-Fetch-Dest: document
Accept-Encoding: gzip, deflate, br
Accept-Language: pt-BR,pt;q=0.9,en;q=0.8

Status: 404
Last Request: Fri Feb 25 09:18:08 2022
GET /6 HTTP/1.1
Host: localhost:8000
Connection: keep-alive
Cache-Control: max-age=0
Upgrade-Insecure-Requests: 1
User-Agent: Mozilla/5.0 (Windows NT 10.0; Win64; x64) AppleWebKit/537.36 (KHTML, like Gecko) Chrome/98.0.4758.102 Safari/537.36
Accept: text/html,application/xhtml+xml,application/xml;q=0.9,image/avif,image/webp,image/apng,*/*;q=0.8,application/signed-exchange;v=b3;q=0.9
Sec-GPC: 1
Sec-Fetch-Site: none
Sec-Fetch-Mode: navigate
Sec-Fetch-User: ?1
Sec-Fetch-Dest: document
Accept-Encoding: gzip, deflate, br
Accept-Language: pt-BR,pt;q=0.9,en;q=0.8

Status: 404
Last Request: Fri Feb 25 09:18:17 2022
GET /20 HTTP/1.1
Host: localhost:8000
Connection: keep-alive
Upgrade-Insecure-Requests: 1
User-Agent: Mozilla/5.0 (Windows NT 10.0; Win64; x64) AppleWebKit/537.36 (KHTML, like Gecko) Chrome/98.0.4758.102 Safari/537.36
Accept: text/html,application/xhtml+xml,application/xml;q=0.9,image/avif,image/webp,image/apng,*/*;q=0.8,application/signed-exchange;v=b3;q=0.9
Sec-GPC: 1
Sec-Fetch-Site: none
Sec-Fetch-Mode: navigate
Sec-Fetch-User: ?1
Sec-Fetch-Dest: document
Accept-Encoding: gzip, deflate, br
Accept-Language: pt-BR,pt;q=0.9,en;q=0.8

Status: 404
Last Request: Fri Feb 25 09:18:18 2022
GET /20 HTTP/1.1
Host: localhost:8000
Connection: keep-alive
Cache-Control: max-age=0
Upgrade-Insecure-Requests: 1
User-Agent: Mozilla/5.0 (Windows NT 10.0; Win64; x64) AppleWebKit/537.36 (KHTML, like Gecko) Chrome/98.0.4758.102 Safari/537.36
Accept: text/html,application/xhtml+xml,application/xml;q=0.9,image/avif,image/webp,image/apng,*/*;q=0.8,application/signed-exchange;v=b3;q=0.9
Sec-GPC: 1
Sec-Fetch-Site: none
Sec-Fetch-Mode: navigate
Sec-Fetch-User: ?1
Sec-Fetch-Dest: document
Accept-Encoding: gzip, deflate, br
Accept-Language: pt-BR,pt;q=0.9,en;q=0.8

Status: 404
Last Request: Fri Feb 25 09:18:23 2022
GET /20 HTTP/1.1
Host: localhost:8000
Connection: keep-alive
Cache-Control: max-age=0
Upgrade-Insecure-Requests: 1
User-Agent: Mozilla/5.0 (Windows NT 10.0; Win64; x64) AppleWebKit/537.36 (KHTML, like Gecko) Chrome/98.0.4758.102 Safari/537.36
Accept: text/html,application/xhtml+xml,application/xml;q=0.9,image/avif,image/webp,image/apng,*/*;q=0.8,application/signed-exchange;v=b3;q=0.9
Sec-GPC: 1
Sec-Fetch-Site: none
Sec-Fetch-Mode: navigate
Sec-Fetch-User: ?1
Sec-Fetch-Dest: document
Accept-Encoding: gzip, deflate, br
Accept-Language: pt-BR,pt;q=0.9,en;q=0.8

Status: 404
Last Request: Fri Feb 25 09:18:54 2022
GET /20 HTTP/1.1
Host: localhost:8000
Connection: keep-alive
Cache-Control: max-age=0
Upgrade-Insecure-Requests: 1
User-Agent: Mozilla/5.0 (Windows NT 10.0; Win64; x64) AppleWebKit/537.36 (KHTML, like Gecko) Chrome/98.0.4758.102 Safari/537.36
Accept: text/html,application/xhtml+xml,application/xml;q=0.9,image/avif,image/webp,image/apng,*/*;q=0.8,application/signed-exchange;v=b3;q=0.9
Sec-GPC: 1
Sec-Fetch-Site: none
Sec-Fetch-Mode: navigate
Sec-Fetch-User: ?1
Sec-Fetch-Dest: document
Accept-Encoding: gzip, deflate, br
Accept-Language: pt-BR,pt;q=0.9,en;q=0.8

Status: 404
Last Request: Fri Feb 25 09:23:15 2022
GET /20 HTTP/1.1
Host: localhost:8000
Connection: keep-alive
Cache-Control: max-age=0
Upgrade-Insecure-Requests: 1
User-Agent: Mozilla/5.0 (Windows NT 10.0; Win64; x64) AppleWebKit/537.36 (KHTML, like Gecko) Chrome/98.0.4758.102 Safari/537.36
Accept: text/html,application/xhtml+xml,application/xml;q=0.9,image/avif,image/webp,image/apng,*/*;q=0.8,application/signed-exchange;v=b3;q=0.9
Sec-GPC: 1
Sec-Fetch-Site: none
Sec-Fetch-Mode: navigate
Sec-Fetch-User: ?1
Sec-Fetch-Dest: document
Accept-Encoding: gzip, deflate, br
Accept-Language: pt-BR,pt;q=0.9,en;q=0.8

Status: 404
Last Request: Fri Feb 25 09:24:25 2022
GET /20 HTTP/1.1
Host: localhost:8000
Connection: keep-alive
Cache-Control: max-age=0
Upgrade-Insecure-Requests: 1
User-Agent: Mozilla/5.0 (Windows NT 10.0; Win64; x64) AppleWebKit/537.36 (KHTML, like Gecko) Chrome/98.0.4758.102 Safari/537.36
Accept: text/html,application/xhtml+xml,application/xml;q=0.9,image/avif,image/webp,image/apng,*/*;q=0.8,application/signed-exchange;v=b3;q=0.9
Sec-GPC: 1
Sec-Fetch-Site: none
Sec-Fetch-Mode: navigate
Sec-Fetch-User: ?1
Sec-Fetch-Dest: document
Accept-Encoding: gzip, deflate, br
Accept-Language: pt-BR,pt;q=0.9,en;q=0.8

Status: 404
Last Request: Fri Feb 25 09:25:15 2022
GET /B HTTP/1.1
Host: localhost:8000
Connection: keep-alive
Upgrade-Insecure-Requests: 1
User-Agent: Mozilla/5.0 (Windows NT 10.0; Win64; x64) AppleWebKit/537.36 (KHTML, like Gecko) Chrome/98.0.4758.102 Safari/537.36
Accept: text/html,application/xhtml+xml,application/xml;q=0.9,image/avif,image/webp,image/apng,*/*;q=0.8,application/signed-exchange;v=b3;q=0.9
Sec-GPC: 1
Sec-Fetch-Site: none
Sec-Fetch-Mode: navigate
Sec-Fetch-User: ?1
Sec-Fetch-Dest: document
Accept-Encoding: gzip, deflate, br
Accept-Language: pt-BR,pt;q=0.9,en;q=0.8

Status: 200
Last Request: Fri Feb 25 09:25:21 2022
GET /BTC HTTP/1.1
Host: localhost:8000
Connection: keep-alive
Upgrade-Insecure-Requests: 1
User-Agent: Mozilla/5.0 (Windows NT 10.0; Win64; x64) AppleWebKit/537.36 (KHTML, like Gecko) Chrome/98.0.4758.102 Safari/537.36
Accept: text/html,application/xhtml+xml,application/xml;q=0.9,image/avif,image/webp,image/apng,*/*;q=0.8,application/signed-exchange;v=b3;q=0.9
Sec-GPC: 1
Sec-Fetch-Site: none
Sec-Fetch-Mode: navigate
Sec-Fetch-User: ?1
Sec-Fetch-Dest: document
Accept-Encoding: gzip, deflate, br
Accept-Language: pt-BR,pt;q=0.9,en;q=0.8

Status: 404
Last Request: Fri Feb 25 09:26:34 2022
GET /20 HTTP/1.1
Host: localhost:8000
Connection: keep-alive
Cache-Control: max-age=0
Upgrade-Insecure-Requests: 1
User-Agent: Mozilla/5.0 (Windows NT 10.0; Win64; x64) AppleWebKit/537.36 (KHTML, like Gecko) Chrome/98.0.4758.102 Safari/537.36
Accept: text/html,application/xhtml+xml,application/xml;q=0.9,image/avif,image/webp,image/apng,*/*;q=0.8,application/signed-exchange;v=b3;q=0.9
Sec-GPC: 1
Sec-Fetch-Site: none
Sec-Fetch-Mode: navigate
Sec-Fetch-User: ?1
Sec-Fetch-Dest: document
Accept-Encoding: gzip, deflate, br
Accept-Language: pt-BR,pt;q=0.9,en;q=0.8

Status: 404
Last Request: Fri Feb 25 09:31:02 2022
GET /20 HTTP/1.1
Host: localhost:8000
Connection: keep-alive
Cache-Control: max-age=0
Upgrade-Insecure-Requests: 1
User-Agent: Mozilla/5.0 (Windows NT 10.0; Win64; x64) AppleWebKit/537.36 (KHTML, like Gecko) Chrome/98.0.4758.102 Safari/537.36
Accept: text/html,application/xhtml+xml,application/xml;q=0.9,image/avif,image/webp,image/apng,*/*;q=0.8,application/signed-exchange;v=b3;q=0.9
Sec-GPC: 1
Sec-Fetch-Site: none
Sec-Fetch-Mode: navigate
Sec-Fetch-User: ?1
Sec-Fetch-Dest: document
Accept-Encoding: gzip, deflate, br
Accept-Language: pt-BR,pt;q=0.9,en;q=0.8

Status: 200
Last Request: Fri Feb 25 09:31:09 2022
GET /BTC HTTP/1.1
Host: localhost:8000
Connection: keep-alive
Upgrade-Insecure-Requests: 1
User-Agent: Mozilla/5.0 (Windows NT 10.0; Win64; x64) AppleWebKit/537.36 (KHTML, like Gecko) Chrome/98.0.4758.102 Safari/537.36
Accept: text/html,application/xhtml+xml,application/xml;q=0.9,image/avif,image/webp,image/apng,*/*;q=0.8,application/signed-exchange;v=b3;q=0.9
Sec-GPC: 1
Sec-Fetch-Site: none
Sec-Fetch-Mode: navigate
Sec-Fetch-User: ?1
Sec-Fetch-Dest: document
Accept-Encoding: gzip, deflate, br
Accept-Language: pt-BR,pt;q=0.9,en;q=0.8

Status: 200
Last Request: Fri Feb 25 09:31:15 2022
GET /ETH HTTP/1.1
Host: localhost:8000
Connection: keep-alive
Upgrade-Insecure-Requests: 1
User-Agent: Mozilla/5.0 (Windows NT 10.0; Win64; x64) AppleWebKit/537.36 (KHTML, like Gecko) Chrome/98.0.4758.102 Safari/537.36
Accept: text/html,application/xhtml+xml,application/xml;q=0.9,image/avif,image/webp,image/apng,*/*;q=0.8,application/signed-exchange;v=b3;q=0.9
Sec-GPC: 1
Sec-Fetch-Site: none
Sec-Fetch-Mode: navigate
Sec-Fetch-User: ?1
Sec-Fetch-Dest: document
Accept-Encoding: gzip, deflate, br
Accept-Language: pt-BR,pt;q=0.9,en;q=0.8

Status: 200
Last Request: Fri Feb 25 09:34:01 2022
GET /ETH HTTP/1.1
Host: localhost:8000
Connection: keep-alive
Cache-Control: max-age=0
Upgrade-Insecure-Requests: 1
User-Agent: Mozilla/5.0 (Windows NT 10.0; Win64; x64) AppleWebKit/537.36 (KHTML, like Gecko) Chrome/98.0.4758.102 Safari/537.36
Accept: text/html,application/xhtml+xml,application/xml;q=0.9,image/avif,image/webp,image/apng,*/*;q=0.8,application/signed-exchange;v=b3;q=0.9
Sec-GPC: 1
Sec-Fetch-Site: none
Sec-Fetch-Mode: navigate
Sec-Fetch-User: ?1
Sec-Fetch-Dest: document
Accept-Encoding: gzip, deflate, br
Accept-Language: pt-BR,pt;q=0.9,en;q=0.8

Status: 200
Last Request: Fri Feb 25 09:40:31 2022
GET /ETH HTTP/1.1
Host: localhost:8000
Connection: keep-alive
Cache-Control: max-age=0
Upgrade-Insecure-Requests: 1
User-Agent: Mozilla/5.0 (Windows NT 10.0; Win64; x64) AppleWebKit/537.36 (KHTML, like Gecko) Chrome/98.0.4758.102 Safari/537.36
Accept: text/html,application/xhtml+xml,application/xml;q=0.9,image/avif,image/webp,image/apng,*/*;q=0.8,application/signed-exchange;v=b3;q=0.9
Sec-GPC: 1
Sec-Fetch-Site: none
Sec-Fetch-Mode: navigate
Sec-Fetch-User: ?1
Sec-Fetch-Dest: document
Accept-Encoding: gzip, deflate, br
Accept-Language: pt-BR,pt;q=0.9,en;q=0.8

Status: 200
Last Request: Fri Feb 25 09:42:38 2022
GET /ETH HTTP/1.1
Host: localhost:8000
Connection: keep-alive
Cache-Control: max-age=0
Upgrade-Insecure-Requests: 1
User-Agent: Mozilla/5.0 (Windows NT 10.0; Win64; x64) AppleWebKit/537.36 (KHTML, like Gecko) Chrome/98.0.4758.102 Safari/537.36
Accept: text/html,application/xhtml+xml,application/xml;q=0.9,image/avif,image/webp,image/apng,*/*;q=0.8,application/signed-exchange;v=b3;q=0.9
Sec-GPC: 1
Sec-Fetch-Site: none
Sec-Fetch-Mode: navigate
Sec-Fetch-User: ?1
Sec-Fetch-Dest: document
Accept-Encoding: gzip, deflate, br
Accept-Language: pt-BR,pt;q=0.9,en;q=0.8

Status: 200
Last Request: Fri Feb 25 09:43:34 2022
GET /ETH HTTP/1.1
Host: localhost:8000
Connection: keep-alive
Cache-Control: max-age=0
Upgrade-Insecure-Requests: 1
User-Agent: Mozilla/5.0 (Windows NT 10.0; Win64; x64) AppleWebKit/537.36 (KHTML, like Gecko) Chrome/98.0.4758.102 Safari/537.36
Accept: text/html,application/xhtml+xml,application/xml;q=0.9,image/avif,image/webp,image/apng,*/*;q=0.8,application/signed-exchange;v=b3;q=0.9
Sec-GPC: 1
Sec-Fetch-Site: none
Sec-Fetch-Mode: navigate
Sec-Fetch-User: ?1
Sec-Fetch-Dest: document
Accept-Encoding: gzip, deflate, br
Accept-Language: pt-BR,pt;q=0.9,en;q=0.8

Status: 200
Last Request: Fri Feb 25 10:07:28 2022
GET /ETH HTTP/1.1
Host: localhost:8000
Connection: keep-alive
Cache-Control: max-age=0
Upgrade-Insecure-Requests: 1
User-Agent: Mozilla/5.0 (Windows NT 10.0; Win64; x64) AppleWebKit/537.36 (KHTML, like Gecko) Chrome/98.0.4758.102 Safari/537.36
Accept: text/html,application/xhtml+xml,application/xml;q=0.9,image/avif,image/webp,image/apng,*/*;q=0.8,application/signed-exchange;v=b3;q=0.9
Sec-GPC: 1
Sec-Fetch-Site: none
Sec-Fetch-Mode: navigate
Sec-Fetch-User: ?1
Sec-Fetch-Dest: document
Accept-Encoding: gzip, deflate, br
Accept-Language: pt-BR,pt;q=0.9,en;q=0.8

Status: 200
Last Request: Fri Feb 25 10:22:12 2022
GET /ETH HTTP/1.1
Host: localhost:8000
Connection: keep-alive
Cache-Control: max-age=0
Upgrade-Insecure-Requests: 1
User-Agent: Mozilla/5.0 (Windows NT 10.0; Win64; x64) AppleWebKit/537.36 (KHTML, like Gecko) Chrome/98.0.4758.102 Safari/537.36
Accept: text/html,application/xhtml+xml,application/xml;q=0.9,image/avif,image/webp,image/apng,*/*;q=0.8,application/signed-exchange;v=b3;q=0.9
Sec-GPC: 1
Sec-Fetch-Site: none
Sec-Fetch-Mode: navigate
Sec-Fetch-User: ?1
Sec-Fetch-Dest: document
Accept-Encoding: gzip, deflate, br
Accept-Language: pt-BR,pt;q=0.9,en;q=0.8

Status: 200
Last Request: Fri Feb 25 10:34:55 2022
GET /ETH HTTP/1.1
Host: localhost:8000
Connection: keep-alive
Cache-Control: max-age=0
Upgrade-Insecure-Requests: 1
User-Agent: Mozilla/5.0 (Windows NT 10.0; Win64; x64) AppleWebKit/537.36 (KHTML, like Gecko) Chrome/98.0.4758.102 Safari/537.36
Accept: text/html,application/xhtml+xml,application/xml;q=0.9,image/avif,image/webp,image/apng,*/*;q=0.8,application/signed-exchange;v=b3;q=0.9
Sec-GPC: 1
Sec-Fetch-Site: none
Sec-Fetch-Mode: navigate
Sec-Fetch-User: ?1
Sec-Fetch-Dest: document
Accept-Encoding: gzip, deflate, br
Accept-Language: pt-BR,pt;q=0.9,en;q=0.8

Status: 200
Last Request: Fri Feb 25 10:35:44 2022
GET /ETH HTTP/1.1
Host: localhost:8000
Connection: keep-alive
Cache-Control: max-age=0
Upgrade-Insecure-Requests: 1
User-Agent: Mozilla/5.0 (Windows NT 10.0; Win64; x64) AppleWebKit/537.36 (KHTML, like Gecko) Chrome/98.0.4758.102 Safari/537.36
Accept: text/html,application/xhtml+xml,application/xml;q=0.9,image/avif,image/webp,image/apng,*/*;q=0.8,application/signed-exchange;v=b3;q=0.9
Sec-GPC: 1
Sec-Fetch-Site: none
Sec-Fetch-Mode: navigate
Sec-Fetch-User: ?1
Sec-Fetch-Dest: document
Accept-Encoding: gzip, deflate, br
Accept-Language: pt-BR,pt;q=0.9,en;q=0.8

Status: 200
Last Request: Fri Feb 25 10:38:06 2022
GET /ETH HTTP/1.1
Host: localhost:8000
Connection: keep-alive
Cache-Control: max-age=0
Upgrade-Insecure-Requests: 1
User-Agent: Mozilla/5.0 (Windows NT 10.0; Win64; x64) AppleWebKit/537.36 (KHTML, like Gecko) Chrome/98.0.4758.102 Safari/537.36
Accept: text/html,application/xhtml+xml,application/xml;q=0.9,image/avif,image/webp,image/apng,*/*;q=0.8,application/signed-exchange;v=b3;q=0.9
Sec-GPC: 1
Sec-Fetch-Site: none
Sec-Fetch-Mode: navigate
Sec-Fetch-User: ?1
Sec-Fetch-Dest: document
Accept-Encoding: gzip, deflate, br
Accept-Language: pt-BR,pt;q=0.9,en;q=0.8

Status: 200
Last Request: Fri Feb 25 10:41:46 2022
GET /ETH HTTP/1.1
Host: localhost:8000
Connection: keep-alive
Cache-Control: max-age=0
Upgrade-Insecure-Requests: 1
User-Agent: Mozilla/5.0 (Windows NT 10.0; Win64; x64) AppleWebKit/537.36 (KHTML, like Gecko) Chrome/98.0.4758.102 Safari/537.36
Accept: text/html,application/xhtml+xml,application/xml;q=0.9,image/avif,image/webp,image/apng,*/*;q=0.8,application/signed-exchange;v=b3;q=0.9
Sec-GPC: 1
Sec-Fetch-Site: none
Sec-Fetch-Mode: navigate
Sec-Fetch-User: ?1
Sec-Fetch-Dest: document
Accept-Encoding: gzip, deflate, br
Accept-Language: pt-BR,pt;q=0.9,en;q=0.8

Status: 404
Last Request: Fri Feb 25 10:46:20 2022
GET /10 HTTP/1.1
Host: localhost:8000
User-Agent: insomnia/2021.7.2
Accept: */*

Status: 200
Last Request: Fri Feb 25 10:46:48 2022
GET /BTC HTTP/1.1
Host: localhost:8000
User-Agent: insomnia/2021.7.2
Accept: */*

Status: 200
Last Request: Fri Feb 25 10:55:52 2022
GET /BTC HTTP/1.1
Host: localhost:8000
User-Agent: insomnia/2021.7.2
Accept: */*

Status: 200
Last Request: Fri Feb 25 10:58:08 2022
Status: 200Last Request: Fri Feb 25 10:59:03 2022
Status: 200
Last Request: Fri Feb 25 11:12:55 2022
GET /BTC HTTP/1.1
Host: localhost:8000
User-Agent: insomnia/2021.7.2
Accept: */*

Status: 200
Last Request: Fri Feb 25 11:13:25 2022
GET /BTC HTTP/1.1
Host: localhost:8000
User-Agent: insomnia/2021.7.2
Accept: */*

Status: 200Last Request: Fri Feb 25 11:14:10 2022
Status: 200
Last Request: Fri Feb 25 11:14:42 2022
GET /BTC HTTP/1.1
Host: localhost:8000
User-Agent: insomnia/2021.7.2
Accept: */*

Status: 200
Last Request: Fri Feb 25 11:14:55 2022
GET /BTC HTTP/1.1
Host: localhost:8000
User-Agent: insomnia/2021.7.2
Accept: */*

Status: 200
Last Request: Fri Feb 25 11:16:13 2022
GET /ETH HTTP/1.1
Host: localhost:8000
Connection: keep-alive
Cache-Control: max-age=0
Upgrade-Insecure-Requests: 1
User-Agent: Mozilla/5.0 (Windows NT 10.0; Win64; x64) AppleWebKit/537.36 (KHTML, like Gecko) Chrome/98.0.4758.102 Safari/537.36
Accept: text/html,application/xhtml+xml,application/xml;q=0.9,image/avif,image/webp,image/apng,*/*;q=0.8,application/signed-exchange;v=b3;q=0.9
Sec-GPC: 1
Sec-Fetch-Site: none
Sec-Fetch-Mode: navigate
Sec-Fetch-User: ?1
Sec-Fetch-Dest: document
Accept-Encoding: gzip, deflate, br
Accept-Language: pt-BR,pt;q=0.9,en;q=0.8

Status: 200
Last Request: Fri Feb 25 11:16:28 2022
GET /ETH HTTP/1.1
Host: localhost:8000
Connection: keep-alive
Cache-Control: max-age=0
Upgrade-Insecure-Requests: 1
User-Agent: Mozilla/5.0 (Windows NT 10.0; Win64; x64) AppleWebKit/537.36 (KHTML, like Gecko) Chrome/98.0.4758.102 Safari/537.36
Accept: text/html,application/xhtml+xml,application/xml;q=0.9,image/avif,image/webp,image/apng,*/*;q=0.8,application/signed-exchange;v=b3;q=0.9
Sec-GPC: 1
Sec-Fetch-Site: none
Sec-Fetch-Mode: navigate
Sec-Fetch-User: ?1
Sec-Fetch-Dest: document
Accept-Encoding: gzip, deflate, br
Accept-Language: pt-BR,pt;q=0.9,en;q=0.8

Status: 200
Last Request: Fri Feb 25 11:17:11 2022
GET /ETH HTTP/1.1
Host: localhost:8000
Connection: keep-alive
Cache-Control: max-age=0
Upgrade-Insecure-Requests: 1
User-Agent: Mozilla/5.0 (Windows NT 10.0; Win64; x64) AppleWebKit/537.36 (KHTML, like Gecko) Chrome/98.0.4758.102 Safari/537.36
Accept: text/html,application/xhtml+xml,application/xml;q=0.9,image/avif,image/webp,image/apng,*/*;q=0.8,application/signed-exchange;v=b3;q=0.9
Sec-GPC: 1
Sec-Fetch-Site: none
Sec-Fetch-Mode: navigate
Sec-Fetch-User: ?1
Sec-Fetch-Dest: document
Accept-Encoding: gzip, deflate, br
Accept-Language: pt-BR,pt;q=0.9,en;q=0.8

Status: 200
Last Request: Fri Feb 25 11:17:47 2022
GET /BTC HTTP/1.1
Host: localhost:8000
Connection: keep-alive
Upgrade-Insecure-Requests: 1
User-Agent: Mozilla/5.0 (Windows NT 10.0; Win64; x64) AppleWebKit/537.36 (KHTML, like Gecko) Chrome/98.0.4758.102 Safari/537.36
Accept: text/html,application/xhtml+xml,application/xml;q=0.9,image/avif,image/webp,image/apng,*/*;q=0.8,application/signed-exchange;v=b3;q=0.9
Sec-GPC: 1
Sec-Fetch-Site: none
Sec-Fetch-Mode: navigate
Sec-Fetch-User: ?1
Sec-Fetch-Dest: document
Accept-Encoding: gzip, deflate, br
Accept-Language: pt-BR,pt;q=0.9,en;q=0.8

Status: 404
Last Request: Fri Feb 25 11:18:22 2022
GET /ETC HTTP/1.1
Host: localhost:8000
User-Agent: insomnia/2021.7.2
Accept: */*

Status: 200
Last Request: Fri Feb 25 11:18:48 2022
GET /ETH HTTP/1.1
Host: localhost:8000
User-Agent: insomnia/2021.7.2
Accept: */*

Status: 200
Last Request: Fri Feb 25 11:19:10 2022
GET /ETH HTTP/1.1
Host: localhost:8000
User-Agent: insomnia/2021.7.2
Accept: */*

Status: 200
Last Request: Fri Feb 25 13:59:04 2022
GET /ETH HTTP/1.1
Host: localhost:8000
User-Agent: insomnia/2021.7.2
Accept: */*

Status: 404
Last Request: Fri Feb 25 13:59:33 2022
GET /20 HTTP/1.1
Host: localhost:8000
User-Agent: insomnia/2021.7.2
Accept: */*

Status: 404
Last Request: Fri Feb 25 13:59:35 2022
GET /20 HTTP/1.1
Host: localhost:8000
User-Agent: insomnia/2021.7.2
Accept: */*

Status: 404
Last Request: Fri Feb 25 13:59:36 2022
GET /20 HTTP/1.1
Host: localhost:8000
User-Agent: insomnia/2021.7.2
Accept: */*

Status: 404
Last Request: Fri Feb 25 13:59:51 2022
GET /20 HTTP/1.1
Host: localhost:8000
User-Agent: insomnia/2021.7.2
Accept: */*

Status: 404
Last Request: Fri Feb 25 13:59:52 2022
GET /20 HTTP/1.1
Host: localhost:8000
User-Agent: insomnia/2021.7.2
Accept: */*

Status: 404
Last Request: Fri Feb 25 13:59:52 2022
GET /20 HTTP/1.1
Host: localhost:8000
User-Agent: insomnia/2021.7.2
Accept: */*

Status: 404
Last Request: Fri Feb 25 13:59:52 2022
GET /20 HTTP/1.1
Host: localhost:8000
User-Agent: insomnia/2021.7.2
Accept: */*

Status: 404
Last Request: Fri Feb 25 13:59:53 2022
GET /20 HTTP/1.1
Host: localhost:8000
User-Agent: insomnia/2021.7.2
Accept: */*

Status: 404
Last Request: Fri Feb 25 13:59:53 2022
GET /20 HTTP/1.1
Host: localhost:8000
User-Agent: insomnia/2021.7.2
Accept: */*

Status: 404
Last Request: Fri Feb 25 13:59:54 2022
GET /20 HTTP/1.1
Host: localhost:8000
User-Agent: insomnia/2021.7.2
Accept: */*

Status: 404
Last Request: Fri Feb 25 14:01:03 2022
GET /20 HTTP/1.1
Host: localhost:8000
User-Agent: insomnia/2021.7.2
Accept: */*

Status: 200
Last Request: Fri Feb 25 14:01:10 2022
GET /BTC HTTP/1.1
Host: localhost:8000
User-Agent: insomnia/2021.7.2
Accept: */*

Status: 200
Last Request: Fri Feb 25 14:01:16 2022
GET /BTC HTTP/1.1
Host: localhost:8000
User-Agent: insomnia/2021.7.2
Accept: */*

Status: 200
Last Request: Fri Feb 25 14:01:17 2022
GET /BTC HTTP/1.1
Host: localhost:8000
User-Agent: insomnia/2021.7.2
Accept: */*

Status: 200
Last Request: Fri Feb 25 14:01:40 2022
GET /ETH HTTP/1.1
Host: localhost:8000
User-Agent: insomnia/2021.7.2
Accept: */*

Status: 200
Last Request: Fri Feb 25 14:02:04 2022
GET /BTC HTTP/1.1
Host: localhost:8000
Connection: keep-alive
Cache-Control: max-age=0
Upgrade-Insecure-Requests: 1
User-Agent: Mozilla/5.0 (Windows NT 10.0; Win64; x64) AppleWebKit/537.36 (KHTML, like Gecko) Chrome/98.0.4758.102 Safari/537.36
Accept: text/html,application/xhtml+xml,application/xml;q=0.9,image/avif,image/webp,image/apng,*/*;q=0.8,application/signed-exchange;v=b3;q=0.9
Sec-GPC: 1
Sec-Fetch-Site: none
Sec-Fetch-Mode: navigate
Sec-Fetch-User: ?1
Sec-Fetch-Dest: document
Accept-Encoding: gzip, deflate, br
Accept-Language: pt-BR,pt;q=0.9,en;q=0.8

Status: 200
Last Request: Fri Feb 25 14:02:19 2022
GET /BTC HTTP/1.1
Host: localhost:8000
Connection: keep-alive
Cache-Control: max-age=0
Upgrade-Insecure-Requests: 1
User-Agent: Mozilla/5.0 (Windows NT 10.0; Win64; x64) AppleWebKit/537.36 (KHTML, like Gecko) Chrome/98.0.4758.102 Safari/537.36
Accept: text/html,application/xhtml+xml,application/xml;q=0.9,image/avif,image/webp,image/apng,*/*;q=0.8,application/signed-exchange;v=b3;q=0.9
Sec-GPC: 1
Sec-Fetch-Site: none
Sec-Fetch-Mode: navigate
Sec-Fetch-User: ?1
Sec-Fetch-Dest: document
Accept-Encoding: gzip, deflate, br
Accept-Language: pt-BR,pt;q=0.9,en;q=0.8

Status: 200
Last Request: Fri Feb 25 14:02:39 2022
GET /BTC HTTP/1.1
Host: localhost:8000
Connection: keep-alive
Cache-Control: max-age=0
Upgrade-Insecure-Requests: 1
User-Agent: Mozilla/5.0 (Windows NT 10.0; Win64; x64) AppleWebKit/537.36 (KHTML, like Gecko) Chrome/98.0.4758.102 Safari/537.36
Accept: text/html,application/xhtml+xml,application/xml;q=0.9,image/avif,image/webp,image/apng,*/*;q=0.8,application/signed-exchange;v=b3;q=0.9
Sec-GPC: 1
Sec-Fetch-Site: none
Sec-Fetch-Mode: navigate
Sec-Fetch-User: ?1
Sec-Fetch-Dest: document
Accept-Encoding: gzip, deflate, br
Accept-Language: pt-BR,pt;q=0.9,en;q=0.8

Status: 200
Last Request: Fri Feb 25 14:02:45 2022
GET /ETH HTTP/1.1
Host: localhost:8000
Connection: keep-alive
Upgrade-Insecure-Requests: 1
User-Agent: Mozilla/5.0 (Windows NT 10.0; Win64; x64) AppleWebKit/537.36 (KHTML, like Gecko) Chrome/98.0.4758.102 Safari/537.36
Accept: text/html,application/xhtml+xml,application/xml;q=0.9,image/avif,image/webp,image/apng,*/*;q=0.8,application/signed-exchange;v=b3;q=0.9
Sec-GPC: 1
Sec-Fetch-Site: none
Sec-Fetch-Mode: navigate
Sec-Fetch-User: ?1
Sec-Fetch-Dest: document
Accept-Encoding: gzip, deflate, br
Accept-Language: pt-BR,pt;q=0.9,en;q=0.8

Status: 200
Last Request: Fri Feb 25 14:02:48 2022
GET /ETH HTTP/1.1
Host: localhost:8000
Connection: keep-alive
Cache-Control: max-age=0
Upgrade-Insecure-Requests: 1
User-Agent: Mozilla/5.0 (Windows NT 10.0; Win64; x64) AppleWebKit/537.36 (KHTML, like Gecko) Chrome/98.0.4758.102 Safari/537.36
Accept: text/html,application/xhtml+xml,application/xml;q=0.9,image/avif,image/webp,image/apng,*/*;q=0.8,application/signed-exchange;v=b3;q=0.9
Sec-GPC: 1
Sec-Fetch-Site: none
Sec-Fetch-Mode: navigate
Sec-Fetch-User: ?1
Sec-Fetch-Dest: document
Accept-Encoding: gzip, deflate, br
Accept-Language: pt-BR,pt;q=0.9,en;q=0.8

Status: 200
Last Request: Fri Feb 25 15:13:45 2022
GET /ETH HTTP/1.1
Host: localhost:8000
User-Agent: insomnia/2021.7.2
Accept: */*

Status: 404
Last Request: Fri Feb 25 15:13:50 2022
GET /20 HTTP/1.1
Host: localhost:8000
User-Agent: insomnia/2021.7.2
Accept: */*

Status: 404
Last Request: Fri Feb 25 15:13:56 2022
GET / HTTP/1.1
Host: localhost:8000
User-Agent: insomnia/2021.7.2
Accept: */*

Status: 200
Last Request: Fri Feb 25 19:47:27 2022
GET / HTTP/1.1
Host: localhost:8000
User-Agent: insomnia/2021.7.2
Accept: */*

Status: 200
Last Request: Fri Feb 25 19:47:27 2022
GET / HTTP/1.1
Host: localhost:8000
User-Agent: insomnia/2021.7.2
Accept: */*

Status: 200
Last Request: Fri Feb 25 19:47:27 2022
GET / HTTP/1.1
Host: localhost:8000
User-Agent: insomnia/2021.7.2
Accept: */*

Status: 200
Last Request: Fri Feb 25 19:47:27 2022
GET / HTTP/1.1
Host: localhost:8000
User-Agent: insomnia/2021.7.2
Accept: */*

Status: 404
Last Request: Fri Feb 25 19:47:53 2022
GET /btc HTTP/1.1
Host: localhost:8000
User-Agent: insomnia/2021.7.2
Accept: */*

Status: 404
Last Request: Fri Feb 25 19:47:53 2022
GET /btc HTTP/1.1
Host: localhost:8000
User-Agent: insomnia/2021.7.2
Accept: */*

Status: 404
Last Request: Fri Feb 25 19:48:37 2022
GET /bt HTTP/1.1
Host: localhost:8000
User-Agent: insomnia/2021.7.2
Accept: */*

Status: 404
Last Request: Fri Feb 25 19:49:32 2022
GET /btd HTTP/1.1
Host: localhost:8000
User-Agent: insomnia/2021.7.2
Accept: */*

Status: 404
Last Request: Fri Feb 25 19:50:13 2022
GET /btd HTTP/1.1
Host: localhost:8000
User-Agent: insomnia/2021.7.2
Accept: */*

Status: 200
Last Request: Fri Feb 25 19:50:47 2022
GET /ETH HTTP/1.1
Host: localhost:8000
Connection: keep-alive
Upgrade-Insecure-Requests: 1
User-Agent: Mozilla/5.0 (Windows NT 10.0; Win64; x64) AppleWebKit/537.36 (KHTML, like Gecko) Chrome/98.0.4758.102 Safari/537.36
Accept: text/html,application/xhtml+xml,application/xml;q=0.9,image/avif,image/webp,image/apng,*/*;q=0.8,application/signed-exchange;v=b3;q=0.9
Sec-GPC: 1
Sec-Fetch-Site: cross-site
Sec-Fetch-Mode: navigate
Sec-Fetch-User: ?1
Sec-Fetch-Dest: document
Accept-Encoding: gzip, deflate, br
Accept-Language: pt-BR,pt;q=0.9,en;q=0.8

Status: 200
Last Request: Fri Feb 25 19:50:48 2022
GET /ETH HTTP/1.1
Host: localhost:8000
Connection: keep-alive
Upgrade-Insecure-Requests: 1
User-Agent: Mozilla/5.0 (Windows NT 10.0; Win64; x64) AppleWebKit/537.36 (KHTML, like Gecko) Chrome/98.0.4758.102 Safari/537.36
Accept: text/html,application/xhtml+xml,application/xml;q=0.9,image/avif,image/webp,image/apng,*/*;q=0.8,application/signed-exchange;v=b3;q=0.9
Sec-GPC: 1
Sec-Fetch-Site: cross-site
Sec-Fetch-Mode: navigate
Sec-Fetch-User: ?1
Sec-Fetch-Dest: document
Accept-Encoding: gzip, deflate, br
Accept-Language: pt-BR,pt;q=0.9,en;q=0.8

Status: 200
Last Request: Fri Feb 25 19:50:48 2022
GET /ETH HTTP/1.1
Host: localhost:8000
Connection: keep-alive
Upgrade-Insecure-Requests: 1
User-Agent: Mozilla/5.0 (Windows NT 10.0; Win64; x64) AppleWebKit/537.36 (KHTML, like Gecko) Chrome/98.0.4758.102 Safari/537.36
Accept: text/html,application/xhtml+xml,application/xml;q=0.9,image/avif,image/webp,image/apng,*/*;q=0.8,application/signed-exchange;v=b3;q=0.9
Sec-GPC: 1
Sec-Fetch-Site: cross-site
Sec-Fetch-Mode: navigate
Sec-Fetch-User: ?1
Sec-Fetch-Dest: document
Accept-Encoding: gzip, deflate, br
Accept-Language: pt-BR,pt;q=0.9,en;q=0.8

Status: 200
Last Request: Fri Feb 25 19:50:48 2022
GET /ETH HTTP/1.1
Host: localhost:8000
Connection: keep-alive
Upgrade-Insecure-Requests: 1
User-Agent: Mozilla/5.0 (Windows NT 10.0; Win64; x64) AppleWebKit/537.36 (KHTML, like Gecko) Chrome/98.0.4758.102 Safari/537.36
Accept: text/html,application/xhtml+xml,application/xml;q=0.9,image/avif,image/webp,image/apng,*/*;q=0.8,application/signed-exchange;v=b3;q=0.9
Sec-GPC: 1
Sec-Fetch-Site: cross-site
Sec-Fetch-Mode: navigate
Sec-Fetch-User: ?1
Sec-Fetch-Dest: document
Accept-Encoding: gzip, deflate, br
Accept-Language: pt-BR,pt;q=0.9,en;q=0.8

Status: 404
Last Request: Fri Feb 25 19:50:55 2022
GET /ET HTTP/1.1
Host: localhost:8000
Connection: keep-alive
Upgrade-Insecure-Requests: 1
User-Agent: Mozilla/5.0 (Windows NT 10.0; Win64; x64) AppleWebKit/537.36 (KHTML, like Gecko) Chrome/98.0.4758.102 Safari/537.36
Accept: text/html,application/xhtml+xml,application/xml;q=0.9,image/avif,image/webp,image/apng,*/*;q=0.8,application/signed-exchange;v=b3;q=0.9
Sec-GPC: 1
Sec-Fetch-Site: none
Sec-Fetch-Mode: navigate
Sec-Fetch-User: ?1
Sec-Fetch-Dest: document
Accept-Encoding: gzip, deflate, br
Accept-Language: pt-BR,pt;q=0.9,en;q=0.8

Status: 404
Last Request: Fri Feb 25 19:51:30 2022
GET /btd HTTP/1.1
Host: localhost:8000
User-Agent: insomnia/2021.7.2
Accept: */*

Status: 404
Last Request: Fri Feb 25 19:53:17 2022
GET /btd HTTP/1.1
Host: localhost:8000
User-Agent: insomnia/2021.7.2
Accept: */*

Status: 200
Last Request: Fri Feb 25 19:53:22 2022
GET / HTTP/1.1
Host: localhost:8000
User-Agent: insomnia/2021.7.2
Accept: */*

Status: 200
Last Request: Fri Feb 25 19:53:51 2022
GET /BTC HTTP/1.1
Host: localhost:8000
User-Agent: insomnia/2021.7.2
Accept: */*

Status: 404
Last Request: Fri Feb 25 19:53:56 2022
GET /btc HTTP/1.1
Host: localhost:8000
User-Agent: insomnia/2021.7.2
Accept: */*

Status: 404
Last Request: Fri Feb 25 19:54:59 2022
GET /btc HTTP/1.1
Host: localhost:8000
User-Agent: insomnia/2021.7.2
Accept: */*

Status: 200
Last Request: Fri Feb 25 19:55:05 2022
GET /BTC HTTP/1.1
Host: localhost:8000
User-Agent: insomnia/2021.7.2
Accept: */*

Status: 200
Last Request: Fri Feb 25 19:55:08 2022
GET / HTTP/1.1
Host: localhost:8000
User-Agent: insomnia/2021.7.2
Accept: */*

Status: 200
Last Request: Fri Feb 25 19:55:12 2022
GET /ETH HTTP/1.1
Host: localhost:8000
User-Agent: insomnia/2021.7.2
Accept: */*

Status: 200
Last Request: Fri Feb 25 19:55:20 2022
GET /BAT HTTP/1.1
Host: localhost:8000
User-Agent: insomnia/2021.7.2
Accept: */*

Status: 200
Last Request: Fri Feb 25 19:55:26 2022
GET /GODS HTTP/1.1
Host: localhost:8000
User-Agent: insomnia/2021.7.2
Accept: */*

Status: 200
Last Request: Fri Feb 25 19:56:04 2022
GET /BTC HTTP/1.1
Host: localhost:8000
User-Agent: insomnia/2021.7.2
Accept: */*
Status: 200
Last Request: Fri Feb 25 20:12:19 2022
GET / HTTP/1.1
Host: localhost:8000
User-Agent: insomnia/2021.7.2
Accept: */*

Status: 200
Last Request: Fri Feb 25 20:12:31 2022
GET / HTTP/1.1
Host: localhost:8000
Connection: keep-alive
Upgrade-Insecure-Requests: 1
User-Agent: Mozilla/5.0 (Windows NT 10.0; Win64; x64) AppleWebKit/537.36 (KHTML, like Gecko) Chrome/98.0.4758.102 Safari/537.36
Accept: text/html,application/xhtml+xml,application/xml;q=0.9,image/avif,image/webp,image/apng,*/*;q=0.8,application/signed-exchange;v=b3;q=0.9
Sec-GPC: 1
Sec-Fetch-Site: none
Sec-Fetch-Mode: navigate
Sec-Fetch-User: ?1
Sec-Fetch-Dest: document
Accept-Encoding: gzip, deflate, br
Accept-Language: pt-BR,pt;q=0.9,en;q=0.8

Status: 200
Last Request: Fri Feb 25 20:12:57 2022
GET / HTTP/1.1
Host: localhost:8000
Connection: keep-alive
Cache-Control: max-age=0
Upgrade-Insecure-Requests: 1
User-Agent: Mozilla/5.0 (Windows NT 10.0; Win64; x64) AppleWebKit/537.36 (KHTML, like Gecko) Chrome/98.0.4758.102 Safari/537.36
Accept: text/html,application/xhtml+xml,application/xml;q=0.9,image/avif,image/webp,image/apng,*/*;q=0.8,application/signed-exchange;v=b3;q=0.9
Sec-GPC: 1
Sec-Fetch-Site: none
Sec-Fetch-Mode: navigate
Sec-Fetch-User: ?1
Sec-Fetch-Dest: document
Accept-Encoding: gzip, deflate, br
Accept-Language: pt-BR,pt;q=0.9,en;q=0.8

Status: 200
Last Request: Fri Feb 25 20:14:27 2022
GET / HTTP/1.1
Host: localhost:8000
User-Agent: insomnia/2021.7.2
Accept: */*

Status: 200
Last Request: Fri Feb 25 20:14:29 2022
GET / HTTP/1.1
Host: localhost:8000
Connection: keep-alive
Cache-Control: max-age=0
Upgrade-Insecure-Requests: 1
User-Agent: Mozilla/5.0 (Windows NT 10.0; Win64; x64) AppleWebKit/537.36 (KHTML, like Gecko) Chrome/98.0.4758.102 Safari/537.36
Accept: text/html,application/xhtml+xml,application/xml;q=0.9,image/avif,image/webp,image/apng,*/*;q=0.8,application/signed-exchange;v=b3;q=0.9
Sec-GPC: 1
Sec-Fetch-Site: none
Sec-Fetch-Mode: navigate
Sec-Fetch-User: ?1
Sec-Fetch-Dest: document
Accept-Encoding: gzip, deflate, br
Accept-Language: pt-BR,pt;q=0.9,en;q=0.8

Status: 404
Last Request: Fri Feb 25 22:39:10 2022
GET /o HTTP/1.1
Host: localhost:8000
User-Agent: insomnia/2021.7.2
Accept: */*

Status: 200
Last Request: Fri Feb 25 22:39:13 2022
GET /BTC HTTP/1.1
Host: localhost:8000
User-Agent: insomnia/2021.7.2
Accept: */*

Status: 200
Last Request: Sat Feb 26 10:48:48 2022
GET / HTTP/1.1
Host: localhost:8000
User-Agent: curl/7.68.0
Accept: */*

Status: 200
Last Request: Sat Feb 26 10:48:54 2022
GET /BTC HTTP/1.1
Host: localhost:8000
User-Agent: curl/7.68.0
Accept: */*

Status: 200
Last Request: Sat Feb 26 10:49:00 2022
GET /BTC HTTP/1.1
Host: localhost:8000
User-Agent: curl/7.68.0
Accept: */*

Status: 404
Last Request: Sat Feb 26 12:33:18 2022
GET /oi HTTP/1.1
Host: localhost:8000
User-Agent: curl/7.68.0
Accept: */*

Status: 200
Last Request: Sat Feb 26 12:34:33 2022
GET / HTTP/1.1
Host: localhost:8000
User-Agent: curl/7.68.0
Accept: */*

Status: 200
Last Request: Sat Feb 26 16:13:14 2022
GET / HTTP/1.1
Host: localhost:8000
Connection: keep-alive
Upgrade-Insecure-Requests: 1
User-Agent: Mozilla/5.0 (Windows NT 10.0; Win64; x64) AppleWebKit/537.36 (KHTML, like Gecko) Chrome/98.0.4758.102 Safari/537.36
Accept: text/html,application/xhtml+xml,application/xml;q=0.9,image/avif,image/webp,image/apng,*/*;q=0.8,application/signed-exchange;v=b3;q=0.9
Sec-GPC: 1
Sec-Fetch-Site: none
Sec-Fetch-Mode: navigate
Sec-Fetch-User: ?1
Sec-Fetch-Dest: document
Accept-Encoding: gzip, deflate, br
Accept-Language: pt-BR,pt;q=0.9,en;q=0.8

Status: 404
Last Request: Sat Feb 26 16:13:19 2022
GET /favicon.ico HTTP/1.1
Host: localhost:8000
Connection: keep-alive
User-Agent: Mozilla/5.0 (Windows NT 10.0; Win64; x64) AppleWebKit/537.36 (KHTML, like Gecko) Chrome/98.0.4758.102 Safari/537.36
Accept: image/avif,image/webp,image/apng,image/svg+xml,image/*,*/*;q=0.8
Sec-GPC: 1
Sec-Fetch-Site: same-origin
Sec-Fetch-Mode: no-cors
Sec-Fetch-Dest: image
Referer: http://localhost:8000/
Accept-Encoding: gzip, deflate, br
Accept-Language: pt-BR,pt;q=0.9,en;q=0.8

Status: 200
Last Request: Sat Feb 26 16:13:37 2022
GET /BTC HTTP/1.1
Host: localhost:8000
Connection: keep-alive
Upgrade-Insecure-Requests: 1
User-Agent: Mozilla/5.0 (Windows NT 10.0; Win64; x64) AppleWebKit/537.36 (KHTML, like Gecko) Chrome/98.0.4758.102 Safari/537.36
Accept: text/html,application/xhtml+xml,application/xml;q=0.9,image/avif,image/webp,image/apng,*/*;q=0.8,application/signed-exchange;v=b3;q=0.9
Sec-GPC: 1
Sec-Fetch-Site: none
Sec-Fetch-Mode: navigate
Sec-Fetch-User: ?1
Sec-Fetch-Dest: document
Accept-Encoding: gzip, deflate, br
Accept-Language: pt-BR,pt;q=0.9,en;q=0.8

Status: 200
Last Request: Sat Feb 26 16:13:41 2022
GET /ETH HTTP/1.1
Host: localhost:8000
Connection: keep-alive
Upgrade-Insecure-Requests: 1
User-Agent: Mozilla/5.0 (Windows NT 10.0; Win64; x64) AppleWebKit/537.36 (KHTML, like Gecko) Chrome/98.0.4758.102 Safari/537.36
Accept: text/html,application/xhtml+xml,application/xml;q=0.9,image/avif,image/webp,image/apng,*/*;q=0.8,application/signed-exchange;v=b3;q=0.9
Sec-GPC: 1
Sec-Fetch-Site: none
Sec-Fetch-Mode: navigate
Sec-Fetch-User: ?1
Sec-Fetch-Dest: document
Accept-Encoding: gzip, deflate, br
Accept-Language: pt-BR,pt;q=0.9,en;q=0.8

Status: 200
Last Request: Sat Feb 26 16:13:47 2022
GET /BAT HTTP/1.1
Host: localhost:8000
Connection: keep-alive
Upgrade-Insecure-Requests: 1
User-Agent: Mozilla/5.0 (Windows NT 10.0; Win64; x64) AppleWebKit/537.36 (KHTML, like Gecko) Chrome/98.0.4758.102 Safari/537.36
Accept: text/html,application/xhtml+xml,application/xml;q=0.9,image/avif,image/webp,image/apng,*/*;q=0.8,application/signed-exchange;v=b3;q=0.9
Sec-GPC: 1
Sec-Fetch-Site: none
Sec-Fetch-Mode: navigate
Sec-Fetch-User: ?1
Sec-Fetch-Dest: document
Accept-Encoding: gzip, deflate, br
Accept-Language: pt-BR,pt;q=0.9,en;q=0.8

Status: 200
Last Request: Sat Feb 26 16:14:04 2022
GET /GODS HTTP/1.1
Host: localhost:8000
Connection: keep-alive
Upgrade-Insecure-Requests: 1
User-Agent: Mozilla/5.0 (Windows NT 10.0; Win64; x64) AppleWebKit/537.36 (KHTML, like Gecko) Chrome/98.0.4758.102 Safari/537.36
Accept: text/html,application/xhtml+xml,application/xml;q=0.9,image/avif,image/webp,image/apng,*/*;q=0.8,application/signed-exchange;v=b3;q=0.9
Sec-GPC: 1
Sec-Fetch-Site: none
Sec-Fetch-Mode: navigate
Sec-Fetch-User: ?1
Sec-Fetch-Dest: document
Accept-Encoding: gzip, deflate, br
Accept-Language: pt-BR,pt;q=0.9,en;q=0.8

Status: 404
Last Request: Sat Feb 26 16:14:11 2022
GET /GOD HTTP/1.1
Host: localhost:8000
Connection: keep-alive
Upgrade-Insecure-Requests: 1
User-Agent: Mozilla/5.0 (Windows NT 10.0; Win64; x64) AppleWebKit/537.36 (KHTML, like Gecko) Chrome/98.0.4758.102 Safari/537.36
Accept: text/html,application/xhtml+xml,application/xml;q=0.9,image/avif,image/webp,image/apng,*/*;q=0.8,application/signed-exchange;v=b3;q=0.9
Sec-GPC: 1
Sec-Fetch-Site: none
Sec-Fetch-Mode: navigate
Sec-Fetch-User: ?1
Sec-Fetch-Dest: document
Accept-Encoding: gzip, deflate, br
Accept-Language: pt-BR,pt;q=0.9,en;q=0.8

Status: 404
Last Request: Sun Feb 27 12:41:05 2022
GET /BA HTTP/1.1
Host: localhost:8000
Connection: keep-alive
Cache-Control: max-age=0
Upgrade-Insecure-Requests: 1
User-Agent: Mozilla/5.0 (Windows NT 10.0; Win64; x64) AppleWebKit/537.36 (KHTML, like Gecko) Chrome/98.0.4758.102 Safari/537.36
Accept: text/html,application/xhtml+xml,application/xml;q=0.9,image/avif,image/webp,image/apng,*/*;q=0.8,application/signed-exchange;v=b3;q=0.9
Sec-GPC: 1
Sec-Fetch-Site: none
Sec-Fetch-Mode: navigate
Sec-Fetch-User: ?1
Sec-Fetch-Dest: document
Accept-Encoding: gzip, deflate, br
Accept-Language: pt-BR,pt;q=0.9,en;q=0.8

Status: 404
Last Request: Sun Feb 27 12:41:26 2022
GET /BA HTTP/1.1
Host: localhost:8000
Connection: keep-alive
Cache-Control: max-age=0
Upgrade-Insecure-Requests: 1
User-Agent: Mozilla/5.0 (Windows NT 10.0; Win64; x64) AppleWebKit/537.36 (KHTML, like Gecko) Chrome/98.0.4758.102 Safari/537.36
Accept: text/html,application/xhtml+xml,application/xml;q=0.9,image/avif,image/webp,image/apng,*/*;q=0.8,application/signed-exchange;v=b3;q=0.9
Sec-GPC: 1
Sec-Fetch-Site: none
Sec-Fetch-Mode: navigate
Sec-Fetch-User: ?1
Sec-Fetch-Dest: document
Accept-Encoding: gzip, deflate, br
Accept-Language: pt-BR,pt;q=0.9,en;q=0.8

Status: 200
Last Request: Sun Feb 27 12:41:36 2022
GET /BTC HTTP/1.1
Host: localhost:8000
Connection: keep-alive
Upgrade-Insecure-Requests: 1
User-Agent: Mozilla/5.0 (Windows NT 10.0; Win64; x64) AppleWebKit/537.36 (KHTML, like Gecko) Chrome/98.0.4758.102 Safari/537.36
Accept: text/html,application/xhtml+xml,application/xml;q=0.9,image/avif,image/webp,image/apng,*/*;q=0.8,application/signed-exchange;v=b3;q=0.9
Sec-GPC: 1
Sec-Fetch-Site: none
Sec-Fetch-Mode: navigate
Sec-Fetch-User: ?1
Sec-Fetch-Dest: document
Accept-Encoding: gzip, deflate, br
Accept-Language: pt-BR,pt;q=0.9,en;q=0.8

Status: 200
Last Request: Sun Feb 27 12:42:03 2022
GET /GODS HTTP/1.1
Host: localhost:8000
Connection: keep-alive
Upgrade-Insecure-Requests: 1
User-Agent: Mozilla/5.0 (Windows NT 10.0; Win64; x64) AppleWebKit/537.36 (KHTML, like Gecko) Chrome/98.0.4758.102 Safari/537.36
Accept: text/html,application/xhtml+xml,application/xml;q=0.9,image/avif,image/webp,image/apng,*/*;q=0.8,application/signed-exchange;v=b3;q=0.9
Sec-GPC: 1
Sec-Fetch-Site: none
Sec-Fetch-Mode: navigate
Sec-Fetch-User: ?1
Sec-Fetch-Dest: document
Accept-Encoding: gzip, deflate, br
Accept-Language: pt-BR,pt;q=0.9,en;q=0.8

